<?xml version="1.0" encoding="UTF-8"?>
<!-- Generated by org.testng.reporters.JUnitXMLReporter -->
<testsuite ignored="0" hostname="AGS-L35" failures="1" tests="1" name="Third Test" time="67.324" errors="0" timestamp="2023-11-25T15:24:20 IST">
  <testcase classname="Test_Methods.RunFirstPlayer" name="firstExecutionMethod" time="55.68">
    <failure type="org.openqa.selenium.NoSuchElementException" message="An element could not be located on the page using the given search parameters.
For documentation on this error, please visit: https://www.selenium.dev/documentation/webdriver/troubleshooting/errors#no-such-element-exception
Build info: version: &amp;apos;4.15.0&amp;apos;, revision: &amp;apos;1d14b5521b&amp;apos;
System info: os.name: &amp;apos;Windows 10&amp;apos;, os.arch: &amp;apos;amd64&amp;apos;, os.version: &amp;apos;10.0&amp;apos;, java.version: &amp;apos;17.0.8.1&amp;apos;
Driver info: io.appium.java_client.android.AndroidDriver
Command: [bc7d25db-3600-4917-a2ea-4276345bbdc6, findElement {using=xpath, value=//*[@text=&amp;quot;Proceed&amp;quot;]}]
Capabilities {appium:app: C:\Users\Auxano\eclipse-wor..., appium:appActivity: com.app.tussly.activity.Mai..., appium:appPackage: com.app.tussly, appium:automationName: UiAutomator2, appium:databaseEnabled: false, appium:desired: {app: C:\Users\Auxano\eclipse-wor..., appActivity: com.app.tussly.activity.Mai..., appPackage: com.app.tussly, automationName: UiAutomator2, deviceName: vivo 1933, platformName: ANDROID, platformVersion: 11, udid: 192.168.1.210:5555}, appium:deviceApiLevel: 30, appium:deviceManufacturer: vivo, appium:deviceModel: vivo 1933, appium:deviceName: 192.168.1.210:5555, appium:deviceScreenDensity: 480, appium:deviceScreenSize: 1080x2400, appium:deviceUDID: 192.168.1.210:5555, appium:javascriptEnabled: true, appium:locationContextEnabled: false, appium:networkConnectionEnabled: true, appium:pixelRatio: 3, appium:platformVersion: 11, appium:statBarHeight: 123, appium:takesScreenshot: true, appium:udid: 192.168.1.210:5555, appium:viewportRect: {height: 2028, left: 0, top: 123, width: 1080}, appium:warnings: {}, appium:webStorageEnabled: false, platformName: ANDROID}
Session ID: bc7d25db-3600-4917-a2ea-4276345bbdc6">
      <![CDATA[org.openqa.selenium.NoSuchElementException: An element could not be located on the page using the given search parameters.
For documentation on this error, please visit: https://www.selenium.dev/documentation/webdriver/troubleshooting/errors#no-such-element-exception
Build info: version: '4.15.0', revision: '1d14b5521b'
System info: os.name: 'Windows 10', os.arch: 'amd64', os.version: '10.0', java.version: '17.0.8.1'
Driver info: io.appium.java_client.android.AndroidDriver
Command: [bc7d25db-3600-4917-a2ea-4276345bbdc6, findElement {using=xpath, value=//*[@text="Proceed"]}]
Capabilities {appium:app: C:\Users\Auxano\eclipse-wor..., appium:appActivity: com.app.tussly.activity.Mai..., appium:appPackage: com.app.tussly, appium:automationName: UiAutomator2, appium:databaseEnabled: false, appium:desired: {app: C:\Users\Auxano\eclipse-wor..., appActivity: com.app.tussly.activity.Mai..., appPackage: com.app.tussly, automationName: UiAutomator2, deviceName: vivo 1933, platformName: ANDROID, platformVersion: 11, udid: 192.168.1.210:5555}, appium:deviceApiLevel: 30, appium:deviceManufacturer: vivo, appium:deviceModel: vivo 1933, appium:deviceName: 192.168.1.210:5555, appium:deviceScreenDensity: 480, appium:deviceScreenSize: 1080x2400, appium:deviceUDID: 192.168.1.210:5555, appium:javascriptEnabled: true, appium:locationContextEnabled: false, appium:networkConnectionEnabled: true, appium:pixelRatio: 3, appium:platformVersion: 11, appium:statBarHeight: 123, appium:takesScreenshot: true, appium:udid: 192.168.1.210:5555, appium:viewportRect: {height: 2028, left: 0, top: 123, width: 1080}, appium:warnings: {}, appium:webStorageEnabled: false, platformName: ANDROID}
Session ID: bc7d25db-3600-4917-a2ea-4276345bbdc6
at org.openqa.selenium.remote.codec.w3c.W3CHttpResponseCodec.createException(W3CHttpResponseCodec.java:200)
at org.openqa.selenium.remote.codec.w3c.W3CHttpResponseCodec.decode(W3CHttpResponseCodec.java:133)
at org.openqa.selenium.remote.codec.w3c.W3CHttpResponseCodec.decode(W3CHttpResponseCodec.java:52)
at org.openqa.selenium.remote.HttpCommandExecutor.execute(HttpCommandExecutor.java:191)
at io.appium.java_client.remote.AppiumCommandExecutor.execute(AppiumCommandExecutor.java:262)
at org.openqa.selenium.remote.RemoteWebDriver.execute(RemoteWebDriver.java:602)
at org.openqa.selenium.remote.ElementLocation$ElementFinder$2.findElement(ElementLocation.java:165)
at org.openqa.selenium.remote.ElementLocation.findElement(ElementLocation.java:59)
at org.openqa.selenium.remote.RemoteWebDriver.findElement(RemoteWebDriver.java:359)
at org.openqa.selenium.remote.RemoteWebDriver.findElement(RemoteWebDriver.java:353)
at Test_Methods.FirstPlayerPage.firstPlayer(FirstPlayerPage.java:86)
at Test_Methods.RunFirstPlayer.firstExecutionMethod(RunFirstPlayer.java:13)
at java.base/java.util.ArrayList.forEach(ArrayList.java:1511)
at java.base/java.util.concurrent.FutureTask.run(FutureTask.java:264)
at java.base/java.util.concurrent.ThreadPoolExecutor.runWorker(ThreadPoolExecutor.java:1136)
at java.base/java.util.concurrent.ThreadPoolExecutor$Worker.run(ThreadPoolExecutor.java:635)
at java.base/java.lang.Thread.run(Thread.java:833)
... Removed 22 stack frames]]>
    </failure>
  </testcase> <!-- firstExecutionMethod -->
</testsuite> <!-- Third Test -->
